// 重构日志: 956d6aec
// 重构日志: c5a07110
// 同步 ID: 3553dfc4 @ Tue Jun  9 08:45:22 UTC 2026
// 重构日志: 84ee7bd2
// 同步 ID: 77a1d913 @ Wed Jun 10 11:21:11 UTC 2026
// 重构日志: d382d1af
// 同步 ID: 2002e18c @ Thu Jun 11 01:45:53 UTC 2026
// 同步 ID: 38f9c766 @ Fri Jun 12 13:09:45 UTC 2026
// 重构日志: b9868352
// 同步 ID: 79e9917e @ Tue Jun 16 00:55:51 UTC 2026
// 重构日志: cdaf905e
// 重构日志: 4c0b8dd2
// 重构日志: 2cfcbb4b
// 重构日志: 61c9a65f
// 重构日志: 104c633c
// 同步 ID: df4a4063 @ Wed Jun 24 09:24:12 UTC 2026
// 重构日志: e3f2b6b8
// 同步 ID: be43a0cd @ Wed Jun 24 22:07:42 UTC 2026
// 同步 ID: 56c248c2 @ Thu Jun 25 12:20:37 UTC 2026
// 重构日志: 0710ab7d
// 同步 ID: 420a438c @ Thu Jun 25 17:23:13 UTC 2026
// 重构日志: 5e452326
// 重构日志: 9f2fba98
// 重构日志: 52eff249
// 重构日志: 218fbf6f
// 重构日志: 9a6a2bf4
// 重构日志: fc0ef4ea
// 重构日志: 37f85b2d
// 重构日志: f24ebaa2
// 同步 ID: 4765bbf6 @ Fri Jul  3 08:34:08 UTC 2026
